<?xml version="1.0" encoding="UTF-8"?>
<!-- Generated by org.testng.reporters.JUnitXMLReporter -->
<testsuite ignored="0" hostname="ATVdesktop0021" failures="0" tests="4" name="Default test" time="10.092" errors="0" timestamp="2025-04-08T16:52:53 IST">
  <testcase classname="swag.lab.BrowserSetup" name="loginweb" time="0.178"/>
  <testcase classname="swag.lab.BrowserSetup" name="additems" time="4.269"/>
  <testcase classname="swag.lab.BrowserSetup" name="cartt" time="0.284"/>
  <testcase classname="swag.lab.BrowserSetup" name="about" time="5.338"/>
</testsuite> <!-- Default test -->
