<?xml version="1.0" encoding="UTF-8"?>
<!-- Generated by org.testng.reporters.JUnitXMLReporter -->
<testsuite ignored="0" hostname="ATVdesktop0021" failures="0" tests="4" name="Default test" time="4.902" errors="0" timestamp="2025-04-05T18:27:24 IST">
  <testcase classname="swag.lab.BrowserSetup" name="loginweb" time="0.185"/>
  <testcase classname="swag.lab.BrowserSetup" name="additems" time="4.254"/>
  <testcase classname="swag.lab.BrowserSetup" name="cartt" time="0.297"/>
  <testcase classname="swag.lab.BrowserSetup" name="logoutWeb" time="0.138"/>
</testsuite> <!-- Default test -->
