<?xml version="1.0" encoding="UTF-8"?>
<testng-results ignored="0" total="4" passed="4" failed="0" skipped="0">
  <reporter-output>
  </reporter-output>
  <suite started-at="2025-04-05T18:27:19 IST" name="Default suite" finished-at="2025-04-05T18:27:24 IST" duration-ms="4902">
    <groups>
    </groups>
    <test started-at="2025-04-05T18:27:19 IST" name="Default test" finished-at="2025-04-05T18:27:24 IST" duration-ms="4902">
      <class name="swag.lab.BrowserSetup">
        <test-method is-config="true" signature="loginurl()[pri:0, instance:swag.lab.BrowserSetup@57db2b13]" started-at="2025-04-05T18:27:18 IST" name="loginurl" finished-at="2025-04-05T18:27:19 IST" duration-ms="1387" status="PASS">
          <reporter-output>
          </reporter-output>
        </test-method> <!-- loginurl -->
        <test-method signature="loginweb()[pri:1, instance:swag.lab.BrowserSetup@57db2b13]" started-at="2025-04-05T18:27:19 IST" name="loginweb" finished-at="2025-04-05T18:27:20 IST" duration-ms="185" status="PASS">
          <reporter-output>
          </reporter-output>
        </test-method> <!-- loginweb -->
        <test-method signature="additems()[pri:2, instance:swag.lab.BrowserSetup@57db2b13]" started-at="2025-04-05T18:27:20 IST" name="additems" finished-at="2025-04-05T18:27:24 IST" duration-ms="4254" status="PASS">
          <reporter-output>
          </reporter-output>
        </test-method> <!-- additems -->
        <test-method signature="cartt()[pri:3, instance:swag.lab.BrowserSetup@57db2b13]" started-at="2025-04-05T18:27:24 IST" name="cartt" finished-at="2025-04-05T18:27:24 IST" duration-ms="297" status="PASS">
          <reporter-output>
          </reporter-output>
        </test-method> <!-- cartt -->
        <test-method signature="logoutWeb()[pri:4, instance:swag.lab.BrowserSetup@57db2b13]" started-at="2025-04-05T18:27:24 IST" name="logoutWeb" finished-at="2025-04-05T18:27:24 IST" duration-ms="138" status="PASS">
          <reporter-output>
          </reporter-output>
        </test-method> <!-- logoutWeb -->
      </class> <!-- swag.lab.BrowserSetup -->
    </test> <!-- Default test -->
  </suite> <!-- Default suite -->
</testng-results>
