<?xml version="1.0" encoding="UTF-8"?>
<!-- Generated by org.testng.reporters.JUnitReportReporter -->
<testsuite hostname="ATVdesktop0021" failures="0" tests="4" name="swag.lab.BrowserSetup" time="10.069" errors="0" timestamp="2025-04-08T16:52:53 IST" skipped="0">
  <testcase classname="swag.lab.BrowserSetup" name="loginweb" time="0.178"/>
  <testcase classname="swag.lab.BrowserSetup" name="additems" time="4.269"/>
  <testcase classname="swag.lab.BrowserSetup" name="cartt" time="0.284"/>
  <testcase classname="swag.lab.BrowserSetup" name="about" time="5.338"/>
</testsuite> <!-- swag.lab.BrowserSetup -->
